<?xml version="1.0" encoding="UTF-8"?>
<!-- Generated by org.testng.reporters.JUnitReportReporter -->
<testsuite hostname="DESKTOP-Q7CP6M7" failures="0" tests="5" name="com.orangehrm.tests.LoginTest" time="0.466" errors="1" timestamp="2023-09-25T16:34:37 IST" skipped="4">
  <testcase classname="com.orangehrm.tests.LoginTest" name="initialize" time="0.462">
    <error type="java.lang.NullPointerException">
      <![CDATA[java.lang.NullPointerException
at com.framework.dataacess.ExcelUtil.readAllDataFromExcel(ExcelUtil.java:42)
at com.framework.base.BaseTest.initialize(BaseTest.java:35)
at java.base/jdk.internal.reflect.NativeMethodAccessorImpl.invoke0(Native Method)
at java.base/jdk.internal.reflect.NativeMethodAccessorImpl.invoke(NativeMethodAccessorImpl.java:62)
at java.base/jdk.internal.reflect.DelegatingMethodAccessorImpl.invoke(DelegatingMethodAccessorImpl.java:43)
at java.base/java.lang.reflect.Method.invoke(Method.java:566)
at org.testng.internal.invokers.MethodInvocationHelper.invokeMethod(MethodInvocationHelper.java:139)
at org.testng.internal.invokers.MethodInvocationHelper.invokeMethodConsideringTimeout(MethodInvocationHelper.java:69)
at org.testng.internal.invokers.ConfigInvoker.invokeConfigurationMethod(ConfigInvoker.java:361)
at org.testng.internal.invokers.ConfigInvoker.invokeConfigurations(ConfigInvoker.java:296)
at org.testng.SuiteRunner.privateRun(SuiteRunner.java:376)
at org.testng.SuiteRunner.run(SuiteRunner.java:330)
at org.testng.SuiteRunnerWorker.runSuite(SuiteRunnerWorker.java:52)
at org.testng.SuiteRunnerWorker.run(SuiteRunnerWorker.java:95)
at org.testng.TestNG.runSuitesSequentially(TestNG.java:1256)
at org.testng.TestNG.runSuitesLocally(TestNG.java:1176)
at org.testng.TestNG.runSuites(TestNG.java:1099)
at org.testng.TestNG.run(TestNG.java:1067)
at org.testng.remote.AbstractRemoteTestNG.run(AbstractRemoteTestNG.java:115)
at org.testng.remote.RemoteTestNG.initAndRun(RemoteTestNG.java:251)
at org.testng.remote.RemoteTestNG.main(RemoteTestNG.java:77)
]]>
    </error>
  </testcase> <!-- initialize -->
  <system-out/>
  <testcase classname="com.orangehrm.tests.LoginTest" name="verifyLoginWithInvalidCredentials" time="0.000">
    <skipped/>
  </testcase> <!-- verifyLoginWithInvalidCredentials -->
  <system-out/>
  <testcase classname="com.orangehrm.tests.LoginTest" name="verifyLoginWithValidCredentials" time="0.003">
    <skipped/>
  </testcase> <!-- verifyLoginWithValidCredentials -->
  <system-out/>
  <testcase classname="com.orangehrm.tests.LoginTest" name="verifyFooterMessage" time="0.001">
    <skipped/>
  </testcase> <!-- verifyFooterMessage -->
  <system-out/>
  <testcase classname="com.orangehrm.tests.LoginTest" name="verifyLoginWithBlankUserName" time="0.000">
    <skipped/>
  </testcase> <!-- verifyLoginWithBlankUserName -->
  <system-out/>
</testsuite> <!-- com.orangehrm.tests.LoginTest -->
